[35m[Appium][39m Welcome to Appium v2.4.1
[35m[Appium][39m Non-default server args:
[35m[Appium][39m { basePath: [32m'/wd/hub'[39m, loglevel: [32m'info'[39m, port: [33m52122[39m }
[35m[Appium][39m Attempting to load driver xcuitest...
[35m[Appium][39m Attempting to load driver uiautomator2...
[Appium] Appium REST http interface listener started on http://0.0.0.0:52122/wd/hub
[Appium] You can provide the following URLs in your client code to connect to this server:
[Appium] 	http://127.0.0.1:52122/wd/hub (only accessible from the same host)
[Appium] 	http://192.168.1.5:52122/wd/hub
[Appium] Available drivers:
[Appium]   - xcuitest@5.14.1 (automationName 'XCUITest')
[Appium]   - uiautomator2@2.42.2 (automationName 'UiAutomator2')
[Appium] No plugins have been installed. Use the "appium plugin" command to install the one(s) you want to use.
[38;5;0m[HTTP][0m [37m-->[39m [37mGET[39m [37m/wd/hub/status[39m
[38;5;0m[HTTP][0m {}
[38;5;0m[HTTP][0m <-- GET /wd/hub/status 200 5 ms - 110
[38;5;0m[HTTP][0m 
[38;5;0m[HTTP][0m [37m-->[39m [37mGET[39m [37m/wd/hub/status[39m
[38;5;0m[HTTP][0m {}
[38;5;0m[HTTP][0m <-- GET /wd/hub/status 200 1 ms - 110
[38;5;0m[HTTP][0m 
[38;5;0m[HTTP][0m [37m-->[39m [37mPOST[39m [37m/wd/hub/session[39m
[38;5;0m[HTTP][0m {"desiredCapabilities":{"appium:systemPort":52135,"appium:newCommandTimeout":1800,"appium:automationName":"uiautomator2","appium:fullReset":false,"appium:platformVersion":"13","appium:noReset":true,"appium:udid":"emulator-5554","appium:autoGrantPermissions":true,"appium:platformName":"ANDROID","appium:deviceName":"emulator-5554 (sdk_gphone64_arm64 - Android 13)","platformName":"Android","appium:app":"/Users/anpranan/git/automationASTRO-Test/ASTRO.apk"},"capabilities":{"firstMatch":[{"appium:app":"/Users/anpranan/git/automationASTRO-Test/ASTRO.apk","appium:autoGrantPermissions":true,"appium:automationName":"uiautomator2","appium:deviceName":"emulator-5554 (sdk_gphone64_arm64 - Android 13)","appium:fullReset":false,"appium:newCommandTimeout":1800,"appium:noReset":true,"appium:platformName":"ANDROID","appium:platformVersion":"13","appium:systemPort":52135,"appium:udid":"emulator-5554","platformName":"android"}]}}
[38;5;32m[BaseDriver][0m Ignoring capability 'appium:platformName=ANDROID' and using capability 'platformName=android'
[38;5;32m[BaseDriver][0m The capabilities ["platformName"] are standard capabilities and do not require "appium:" prefix
[Appium] Attempting to find matching driver for automationName 'uiautomator2' and platformName 'android'
[Appium] The 'uiautomator2' driver was installed and matched caps.
[Appium] Will require it at /Users/anpranan/.appium/node_modules/appium-uiautomator2-driver
[38;5;16m[AppiumDriver@a324][0m Appium v2.4.1 creating new AndroidUiautomator2Driver (v2.42.2) session
[38;5;16m[AppiumDriver@a324][0m Checking BaseDriver versions for Appium and AndroidUiautomator2Driver
[38;5;16m[AppiumDriver@a324][0m Appium's BaseDriver version is 9.5.0
[38;5;16m[AppiumDriver@a324][0m AndroidUiautomator2Driver's BaseDriver version is 9.5.0
[38;5;48m[AndroidUiautomator2Driver@d340 (4e955bdf)][0m Session created with session id: 4e955bdf-29d5-452e-9b73-6b0953317f83
[38;5;32m[BaseDriver][0m Using local app '/Users/anpranan/git/automationASTRO-Test/ASTRO.apk'
[38;5;64m[ADB][0m Found 1 'build-tools' folders under '/Users/anpranan/.katalon/tools/android_sdk' (newest first):
[38;5;64m[ADB][0m     /Users/anpranan/.katalon/tools/android_sdk/build-tools/29.0.3
[38;5;64m[ADB][0m Using 'adb' from '/Users/anpranan/.katalon/tools/android_sdk/platform-tools/adb'
[38;5;80m[AndroidDriver][0m Retrieving device list
[38;5;80m[AndroidDriver][0m Using device: emulator-5554
[38;5;64m[ADB][0m Using 'adb' from '/Users/anpranan/.katalon/tools/android_sdk/platform-tools/adb'
[38;5;64m[ADB][0m Getting device platform version
[38;5;48m[AndroidUiautomator2Driver@d340 (4e955bdf)][0m Relaxing hidden api policy
[38;5;64m[ADB][0m Package name: 'com.astro.shop'
[38;5;64m[ADB][0m Main activity name: 'com.astro.shop.view.activity.SplashActivity'
[38;5;64m[ADB][0m Using 'apksigner.jar' from '/Users/anpranan/.katalon/tools/android_sdk/build-tools/29.0.3/lib/apksigner.jar'
[38;5;64m[ADB][0m '/Users/anpranan/.appium/node_modules/appium-uiautomator2-driver/node_modules/appium-uiautomator2-server/apks/appium-uiautomator2-server-debug-androidTest.apk' is signed with the default certificate
[38;5;64m[ADB][0m '/Users/anpranan/.appium/node_modules/appium-uiautomator2-driver/node_modules/appium-uiautomator2-server/apks/appium-uiautomator2-server-v6.0.4.apk' is signed with the default certificate
[38;5;48m[AndroidUiautomator2Driver@d340 (4e955bdf)][0m Server packages are not going to be (re)installed
[38;5;64m[ADB][0m Adding packages ["io.appium.settings","io.appium.uiautomator2.server","io.appium.uiautomator2.server.test"] to Doze whitelist
[38;5;64m[ADB][0m '/Users/anpranan/git/automationASTRO-Test/ASTRO.apk' is signed with a non-default certificate
[38;5;64m[ADB][0m The application at '/Users/anpranan/git/automationASTRO-Test/ASTRO.apk' will not be cached, because the device under test has confirmed the support of streamed installs
[38;5;64m[ADB][0m The installation of 'ASTRO.apk' took 993ms
[38;5;48m[AndroidUiautomator2Driver@d340 (4e955bdf)][0m Starting UIAutomator2 server 6.0.4
[38;5;48m[AndroidUiautomator2Driver@d340 (4e955bdf)][0m Using UIAutomator2 server from '/Users/anpranan/.appium/node_modules/appium-uiautomator2-driver/node_modules/appium-uiautomator2-server/apks/appium-uiautomator2-server-v6.0.4.apk' and test from '/Users/anpranan/.appium/node_modules/appium-uiautomator2-driver/node_modules/appium-uiautomator2-server/apks/appium-uiautomator2-server-debug-androidTest.apk'
[38;5;48m[AndroidUiautomator2Driver@d340 (4e955bdf)][0m Waiting up to 30000ms for UiAutomator2 to be online...
[38;5;48m[AndroidUiautomator2Driver@d340 (4e955bdf)][0m socket hang up
[38;5;48m[AndroidUiautomator2Driver@d340 (4e955bdf)][0m socket hang up
[38;5;48m[AndroidUiautomator2Driver@d340 (4e955bdf)][0m socket hang up
[38;5;48m[AndroidUiautomator2Driver@d340 (4e955bdf)][0m Determined the downstream protocol as 'W3C'
[38;5;80m[AndroidDriver][0m Screen already unlocked, doing nothing
[38;5;48m[AndroidUiautomator2Driver@d340 (4e955bdf)][0m Starting 'com.astro.shop/com.astro.shop.view.activity.SplashActivity and waiting for 'com.astro.shop/com.astro.shop.view.activity.SplashActivity'
[38;5;16m[AppiumDriver@a324][0m New AndroidUiautomator2Driver session created successfully, session 4e955bdf-29d5-452e-9b73-6b0953317f83 added to master session list
[38;5;0m[HTTP][0m <-- POST /wd/hub/session 200 8189 ms - 1213
[38;5;0m[HTTP][0m 
[38;5;0m[HTTP][0m [37m-->[39m [37mGET[39m [37m/wd/hub/session/4e955bdf-29d5-452e-9b73-6b0953317f83[39m
[38;5;0m[HTTP][0m {}
[38;5;0m[HTTP][0m <-- GET /wd/hub/session/4e955bdf-29d5-452e-9b73-6b0953317f83 200 63 ms - 363
[38;5;0m[HTTP][0m 
[38;5;0m[HTTP][0m [37m-->[39m [37mGET[39m [37m/wd/hub/session/4e955bdf-29d5-452e-9b73-6b0953317f83[39m
[38;5;0m[HTTP][0m {}
[38;5;0m[HTTP][0m <-- GET /wd/hub/session/4e955bdf-29d5-452e-9b73-6b0953317f83 200 6 ms - 363
[38;5;0m[HTTP][0m 
[38;5;0m[HTTP][0m [37m-->[39m [37mGET[39m [37m/wd/hub/status[39m
[38;5;0m[HTTP][0m {}
[38;5;0m[HTTP][0m <-- GET /wd/hub/status 200 1 ms - 110
[38;5;0m[HTTP][0m 
[38;5;0m[HTTP][0m [37m-->[39m [37mPOST[39m [37m/wd/hub/session/4e955bdf-29d5-452e-9b73-6b0953317f83/timeouts[39m
[38;5;0m[HTTP][0m {"implicit":60000}
[38;5;0m[HTTP][0m <-- POST /wd/hub/session/4e955bdf-29d5-452e-9b73-6b0953317f83/timeouts 200 1 ms - 14
[38;5;0m[HTTP][0m 
[38;5;0m[HTTP][0m [37m-->[39m [37mGET[39m [37m/wd/hub/session/4e955bdf-29d5-452e-9b73-6b0953317f83/source[39m
[38;5;0m[HTTP][0m {}
[38;5;48m[AndroidUiautomator2Driver@d340 (4e955bdf)][0m Driver proxy active, passing request on via HTTP proxy
[38;5;48m[AndroidUiautomator2Driver@d340 (4e955bdf)][0m Replacing sessionId 647ba370-e320-468d-b605-4fdb4e9c4d3c with 4e955bdf-29d5-452e-9b73-6b0953317f83
[38;5;0m[HTTP][0m <-- GET /wd/hub/session/4e955bdf-29d5-452e-9b73-6b0953317f83/source 200 848 ms - 5834
[38;5;0m[HTTP][0m 
[38;5;0m[HTTP][0m [37m-->[39m [37mGET[39m [37m/wd/hub/session/4e955bdf-29d5-452e-9b73-6b0953317f83/screenshot[39m
[38;5;0m[HTTP][0m {}
[38;5;0m[HTTP][0m <-- GET /wd/hub/session/4e955bdf-29d5-452e-9b73-6b0953317f83/screenshot 200 652 ms - 185088
[38;5;0m[HTTP][0m 
[38;5;0m[HTTP][0m [37m-->[39m [37mGET[39m [37m/wd/hub/session/4e955bdf-29d5-452e-9b73-6b0953317f83/source[39m
[38;5;0m[HTTP][0m {}
[38;5;48m[AndroidUiautomator2Driver@d340 (4e955bdf)][0m Driver proxy active, passing request on via HTTP proxy
[38;5;48m[AndroidUiautomator2Driver@d340 (4e955bdf)][0m Replacing sessionId 647ba370-e320-468d-b605-4fdb4e9c4d3c with 4e955bdf-29d5-452e-9b73-6b0953317f83
[38;5;0m[HTTP][0m <-- GET /wd/hub/session/4e955bdf-29d5-452e-9b73-6b0953317f83/source 200 202 ms - 6658
[38;5;0m[HTTP][0m 
[38;5;0m[HTTP][0m [37m-->[39m [37mGET[39m [37m/wd/hub/session/4e955bdf-29d5-452e-9b73-6b0953317f83/screenshot[39m
[38;5;0m[HTTP][0m {}
[38;5;0m[HTTP][0m <-- GET /wd/hub/session/4e955bdf-29d5-452e-9b73-6b0953317f83/screenshot 200 715 ms - 687544
[38;5;0m[HTTP][0m 
[38;5;0m[HTTP][0m [37m-->[39m [37mPOST[39m [37m/wd/hub/session/4e955bdf-29d5-452e-9b73-6b0953317f83/elements[39m
[38;5;0m[HTTP][0m {"using":"xpath","value":"//*[@class = 'android.widget.Button' and (@text = '' or . = '')]"}
[38;5;0m[HTTP][0m <-- POST /wd/hub/session/4e955bdf-29d5-452e-9b73-6b0953317f83/elements 200 405 ms - 139
[38;5;0m[HTTP][0m 
[38;5;0m[HTTP][0m [37m-->[39m [37mDELETE[39m [37m/wd/hub/session/4e955bdf-29d5-452e-9b73-6b0953317f83[39m
[38;5;0m[HTTP][0m {}
[38;5;16m[AppiumDriver@a324][0m Removing session 4e955bdf-29d5-452e-9b73-6b0953317f83 from our master session list
[38;5;48m[AndroidUiautomator2Driver@d340 (4e955bdf)][0m Restoring hidden api policy to the device default configuration
[38;5;0m[HTTP][0m <-- DELETE /wd/hub/session/4e955bdf-29d5-452e-9b73-6b0953317f83 200 155 ms - 14
[38;5;0m[HTTP][0m 
[Appium] Received SIGTERM - shutting down
[38;5;0m[HTTP][0m Waiting until the server is closed
[38;5;0m[HTTP][0m Received server close event
