[35m[Appium][39m Welcome to Appium v2.4.1
[35m[Appium][39m Non-default server args:
[35m[Appium][39m { basePath: [32m'/wd/hub'[39m, loglevel: [32m'info'[39m, port: [33m59371[39m }
[35m[Appium][39m Attempting to load driver xcuitest...
[35m[Appium][39m Attempting to load driver uiautomator2...
[Appium] Appium REST http interface listener started on http://0.0.0.0:59371/wd/hub
[Appium] You can provide the following URLs in your client code to connect to this server:
[Appium] 	http://127.0.0.1:59371/wd/hub (only accessible from the same host)
[Appium] 	http://192.168.1.5:59371/wd/hub
[Appium] Available drivers:
[Appium]   - xcuitest@5.14.1 (automationName 'XCUITest')
[Appium]   - uiautomator2@2.42.2 (automationName 'UiAutomator2')
[Appium] No plugins have been installed. Use the "appium plugin" command to install the one(s) you want to use.
[38;5;0m[HTTP][0m [37m-->[39m [37mGET[39m [37m/wd/hub/status[39m
[38;5;0m[HTTP][0m {}
[38;5;0m[HTTP][0m <-- GET /wd/hub/status 200 5 ms - 110
[38;5;0m[HTTP][0m 
[38;5;0m[HTTP][0m [37m-->[39m [37mPOST[39m [37m/wd/hub/session[39m
[38;5;0m[HTTP][0m {"desiredCapabilities":{"appium:systemPort":59370,"appium:newCommandTimeout":1800,"appium:automationName":"uiautomator2","appium:fullReset":true,"appium:platformVersion":"13","appium:noReset":false,"appium:udid":"emulator-5554","appium:autoGrantPermissions":true,"appium:platformName":"ANDROID","appium:deviceName":"emulator-5554 (sdk_gphone64_arm64 - Android 13)","platformName":"Android","appium:app":"/Users/anpranan/git/automationASTRO-Test/ASTRO.apk"},"capabilities":{"firstMatch":[{"appium:app":"/Users/anpranan/git/automationASTRO-Test/ASTRO.apk","appium:autoGrantPermissions":true,"appium:automationName":"uiautomator2","appium:deviceName":"emulator-5554 (sdk_gphone64_arm64 - Android 13)","appium:fullReset":true,"appium:newCommandTimeout":1800,"appium:noReset":false,"appium:platformName":"ANDROID","appium:platformVersion":"13","appium:systemPort":59370,"appium:udid":"emulator-5554","platformName":"android"}]}}
[38;5;32m[BaseDriver][0m Ignoring capability 'appium:platformName=ANDROID' and using capability 'platformName=android'
[38;5;32m[BaseDriver][0m The capabilities ["platformName"] are standard capabilities and do not require "appium:" prefix
[Appium] Attempting to find matching driver for automationName 'uiautomator2' and platformName 'android'
[Appium] The 'uiautomator2' driver was installed and matched caps.
[Appium] Will require it at /Users/anpranan/.appium/node_modules/appium-uiautomator2-driver
[38;5;16m[AppiumDriver@9ab9][0m Appium v2.4.1 creating new AndroidUiautomator2Driver (v2.42.2) session
[38;5;16m[AppiumDriver@9ab9][0m Checking BaseDriver versions for Appium and AndroidUiautomator2Driver
[38;5;16m[AppiumDriver@9ab9][0m Appium's BaseDriver version is 9.5.0
[38;5;16m[AppiumDriver@9ab9][0m AndroidUiautomator2Driver's BaseDriver version is 9.5.0
[38;5;48m[AndroidUiautomator2Driver@eef8 (374f6ab3)][0m Session created with session id: 374f6ab3-1bcc-4c5a-8ada-866462f5cb7c
[38;5;32m[BaseDriver][0m Using local app '/Users/anpranan/git/automationASTRO-Test/ASTRO.apk'
[38;5;64m[ADB][0m Found 1 'build-tools' folders under '/Users/anpranan/.katalon/tools/android_sdk' (newest first):
[38;5;64m[ADB][0m     /Users/anpranan/.katalon/tools/android_sdk/build-tools/29.0.3
[38;5;64m[ADB][0m Using 'adb' from '/Users/anpranan/.katalon/tools/android_sdk/platform-tools/adb'
[38;5;80m[AndroidDriver][0m Retrieving device list
[38;5;80m[AndroidDriver][0m Using device: emulator-5554
[38;5;64m[ADB][0m Using 'adb' from '/Users/anpranan/.katalon/tools/android_sdk/platform-tools/adb'
[38;5;64m[ADB][0m Getting device platform version
[38;5;48m[AndroidUiautomator2Driver@eef8 (374f6ab3)][0m Relaxing hidden api policy
[38;5;64m[ADB][0m Package name: 'com.astro.shop'
[38;5;64m[ADB][0m Main activity name: 'com.astro.shop.view.activity.SplashActivity'
[38;5;64m[ADB][0m Using 'apksigner.jar' from '/Users/anpranan/.katalon/tools/android_sdk/build-tools/29.0.3/lib/apksigner.jar'
[38;5;64m[ADB][0m '/Users/anpranan/.appium/node_modules/appium-uiautomator2-driver/node_modules/appium-uiautomator2-server/apks/appium-uiautomator2-server-debug-androidTest.apk' is signed with the default certificate
[38;5;64m[ADB][0m '/Users/anpranan/.appium/node_modules/appium-uiautomator2-driver/node_modules/appium-uiautomator2-server/apks/appium-uiautomator2-server-v6.0.4.apk' is signed with the default certificate
[38;5;48m[AndroidUiautomator2Driver@eef8 (374f6ab3)][0m Server packages are not going to be (re)installed
[38;5;64m[ADB][0m Adding packages ["io.appium.settings","io.appium.uiautomator2.server","io.appium.uiautomator2.server.test"] to Doze whitelist
[38;5;64m[ADB][0m '/Users/anpranan/git/automationASTRO-Test/ASTRO.apk' is signed with a non-default certificate
[38;5;64m[ADB][0m com.astro.shop was successfully uninstalled
[38;5;64m[ADB][0m The application at '/Users/anpranan/git/automationASTRO-Test/ASTRO.apk' will not be cached, because the device under test has confirmed the support of streamed installs
[38;5;64m[ADB][0m The installation of 'ASTRO.apk' took 2044ms
[38;5;48m[AndroidUiautomator2Driver@eef8 (374f6ab3)][0m Starting UIAutomator2 server 6.0.4
[38;5;48m[AndroidUiautomator2Driver@eef8 (374f6ab3)][0m Using UIAutomator2 server from '/Users/anpranan/.appium/node_modules/appium-uiautomator2-driver/node_modules/appium-uiautomator2-server/apks/appium-uiautomator2-server-v6.0.4.apk' and test from '/Users/anpranan/.appium/node_modules/appium-uiautomator2-driver/node_modules/appium-uiautomator2-server/apks/appium-uiautomator2-server-debug-androidTest.apk'
[38;5;48m[AndroidUiautomator2Driver@eef8 (374f6ab3)][0m Waiting up to 30000ms for UiAutomator2 to be online...
[38;5;48m[AndroidUiautomator2Driver@eef8 (374f6ab3)][0m socket hang up
[38;5;48m[AndroidUiautomator2Driver@eef8 (374f6ab3)][0m socket hang up
[38;5;48m[AndroidUiautomator2Driver@eef8 (374f6ab3)][0m socket hang up
[38;5;48m[AndroidUiautomator2Driver@eef8 (374f6ab3)][0m Determined the downstream protocol as 'W3C'
[38;5;80m[AndroidDriver][0m Screen already unlocked, doing nothing
[38;5;48m[AndroidUiautomator2Driver@eef8 (374f6ab3)][0m Starting 'com.astro.shop/com.astro.shop.view.activity.SplashActivity and waiting for 'com.astro.shop/com.astro.shop.view.activity.SplashActivity'
[38;5;16m[AppiumDriver@9ab9][0m New AndroidUiautomator2Driver session created successfully, session 374f6ab3-1bcc-4c5a-8ada-866462f5cb7c added to master session list
[38;5;0m[HTTP][0m <-- POST /wd/hub/session 200 9699 ms - 1213
[38;5;0m[HTTP][0m 
[38;5;0m[HTTP][0m [37m-->[39m [37mGET[39m [37m/wd/hub/session/374f6ab3-1bcc-4c5a-8ada-866462f5cb7c[39m
[38;5;0m[HTTP][0m {}
[38;5;0m[HTTP][0m <-- GET /wd/hub/session/374f6ab3-1bcc-4c5a-8ada-866462f5cb7c 200 34 ms - 363
[38;5;0m[HTTP][0m 
[38;5;0m[HTTP][0m [37m-->[39m [37mGET[39m [37m/wd/hub/session/374f6ab3-1bcc-4c5a-8ada-866462f5cb7c[39m
[38;5;0m[HTTP][0m {}
[38;5;0m[HTTP][0m <-- GET /wd/hub/session/374f6ab3-1bcc-4c5a-8ada-866462f5cb7c 200 12 ms - 363
[38;5;0m[HTTP][0m 
[38;5;0m[HTTP][0m [37m-->[39m [37mGET[39m [37m/wd/hub/status[39m
[38;5;0m[HTTP][0m {}
[38;5;0m[HTTP][0m <-- GET /wd/hub/status 200 1 ms - 110
[38;5;0m[HTTP][0m 
[38;5;0m[HTTP][0m [37m-->[39m [37mPOST[39m [37m/wd/hub/session/374f6ab3-1bcc-4c5a-8ada-866462f5cb7c/timeouts[39m
[38;5;0m[HTTP][0m {"implicit":30000}
[38;5;0m[HTTP][0m <-- POST /wd/hub/session/374f6ab3-1bcc-4c5a-8ada-866462f5cb7c/timeouts 200 4 ms - 14
[38;5;0m[HTTP][0m 
[38;5;0m[HTTP][0m [37m-->[39m [37mGET[39m [37m/wd/hub/session/374f6ab3-1bcc-4c5a-8ada-866462f5cb7c/appium/device/system_bars[39m
[38;5;0m[HTTP][0m {}
[38;5;0m[HTTP][0m <-- GET /wd/hub/session/374f6ab3-1bcc-4c5a-8ada-866462f5cb7c/appium/device/system_bars 200 130 ms - 151
[38;5;0m[HTTP][0m 
[38;5;0m[HTTP][0m [37m-->[39m [37mPOST[39m [37m/wd/hub/session/374f6ab3-1bcc-4c5a-8ada-866462f5cb7c/timeouts[39m
[38;5;0m[HTTP][0m {"implicit":50}
[38;5;0m[HTTP][0m <-- POST /wd/hub/session/374f6ab3-1bcc-4c5a-8ada-866462f5cb7c/timeouts 200 4 ms - 14
[38;5;0m[HTTP][0m 
[38;5;0m[HTTP][0m [37m-->[39m [37mGET[39m [37m/wd/hub/session/374f6ab3-1bcc-4c5a-8ada-866462f5cb7c/window/rect[39m
[38;5;0m[HTTP][0m {}
[38;5;0m[HTTP][0m <-- GET /wd/hub/session/374f6ab3-1bcc-4c5a-8ada-866462f5cb7c/window/rect 200 48 ms - 50
[38;5;0m[HTTP][0m 
[38;5;0m[HTTP][0m [37m-->[39m [37mPOST[39m [37m/wd/hub/session/374f6ab3-1bcc-4c5a-8ada-866462f5cb7c/elements[39m
[38;5;0m[HTTP][0m {"using":"xpath","value":"//*[@class = 'android.widget.Button' and (@text = '' or . = '')]"}
[38;5;0m[HTTP][0m <-- POST /wd/hub/session/374f6ab3-1bcc-4c5a-8ada-866462f5cb7c/elements 200 479 ms - 139
[38;5;0m[HTTP][0m 
[38;5;0m[HTTP][0m [37m-->[39m [37mGET[39m [37m/wd/hub/session/374f6ab3-1bcc-4c5a-8ada-866462f5cb7c/element/00000000-0000-00a4-3b9a-ca220000000f/location[39m
[38;5;0m[HTTP][0m {}
[38;5;48m[AndroidUiautomator2Driver@eef8 (374f6ab3)][0m Driver proxy active, passing request on via HTTP proxy
[38;5;48m[AndroidUiautomator2Driver@eef8 (374f6ab3)][0m Replacing sessionId 1a7974cc-0cb3-48b0-9b4a-611cd6838882 with 374f6ab3-1bcc-4c5a-8ada-866462f5cb7c
[38;5;0m[HTTP][0m <-- GET /wd/hub/session/374f6ab3-1bcc-4c5a-8ada-866462f5cb7c/element/00000000-0000-00a4-3b9a-ca220000000f/location 200 606 ms - 78
[38;5;0m[HTTP][0m 
[38;5;0m[HTTP][0m [37m-->[39m [37mPOST[39m [37m/wd/hub/session/374f6ab3-1bcc-4c5a-8ada-866462f5cb7c/timeouts[39m
[38;5;0m[HTTP][0m {"implicit":30000}
[38;5;0m[HTTP][0m <-- POST /wd/hub/session/374f6ab3-1bcc-4c5a-8ada-866462f5cb7c/timeouts 200 1 ms - 14
[38;5;0m[HTTP][0m 
[38;5;0m[HTTP][0m [37m-->[39m [37mPOST[39m [37m/wd/hub/session/374f6ab3-1bcc-4c5a-8ada-866462f5cb7c/element/00000000-0000-00a4-3b9a-ca220000000f/click[39m
[38;5;0m[HTTP][0m {"id":"00000000-0000-00a4-3b9a-ca220000000f"}
[38;5;0m[HTTP][0m <-- POST /wd/hub/session/374f6ab3-1bcc-4c5a-8ada-866462f5cb7c/element/00000000-0000-00a4-3b9a-ca220000000f/click 200 115 ms - 14
[38;5;0m[HTTP][0m 
[38;5;0m[HTTP][0m [37m-->[39m [37mPOST[39m [37m/wd/hub/session/374f6ab3-1bcc-4c5a-8ada-866462f5cb7c/timeouts[39m
[38;5;0m[HTTP][0m {"implicit":50}
[38;5;0m[HTTP][0m <-- POST /wd/hub/session/374f6ab3-1bcc-4c5a-8ada-866462f5cb7c/timeouts 200 1 ms - 14
[38;5;0m[HTTP][0m 
[38;5;0m[HTTP][0m [37m-->[39m [37mGET[39m [37m/wd/hub/session/374f6ab3-1bcc-4c5a-8ada-866462f5cb7c/window/rect[39m
[38;5;0m[HTTP][0m {}
[38;5;0m[HTTP][0m <-- GET /wd/hub/session/374f6ab3-1bcc-4c5a-8ada-866462f5cb7c/window/rect 200 10 ms - 50
[38;5;0m[HTTP][0m 
[38;5;0m[HTTP][0m [37m-->[39m [37mPOST[39m [37m/wd/hub/session/374f6ab3-1bcc-4c5a-8ada-866462f5cb7c/elements[39m
[38;5;0m[HTTP][0m {"using":"xpath","value":"//*[@class = 'android.widget.Button' and (@text = '' or . = '')]"}
[38;5;0m[HTTP][0m <-- POST /wd/hub/session/374f6ab3-1bcc-4c5a-8ada-866462f5cb7c/elements 200 1358 ms - 139
[38;5;0m[HTTP][0m 
[38;5;0m[HTTP][0m [37m-->[39m [37mGET[39m [37m/wd/hub/session/374f6ab3-1bcc-4c5a-8ada-866462f5cb7c/element/00000000-0000-00a5-3b9a-ca4e0000001a/location[39m
[38;5;0m[HTTP][0m {}
[38;5;48m[AndroidUiautomator2Driver@eef8 (374f6ab3)][0m Driver proxy active, passing request on via HTTP proxy
[38;5;48m[AndroidUiautomator2Driver@eef8 (374f6ab3)][0m Replacing sessionId 1a7974cc-0cb3-48b0-9b4a-611cd6838882 with 374f6ab3-1bcc-4c5a-8ada-866462f5cb7c
[38;5;0m[HTTP][0m <-- GET /wd/hub/session/374f6ab3-1bcc-4c5a-8ada-866462f5cb7c/element/00000000-0000-00a5-3b9a-ca4e0000001a/location 200 11 ms - 78
[38;5;0m[HTTP][0m 
[38;5;0m[HTTP][0m [37m-->[39m [37mPOST[39m [37m/wd/hub/session/374f6ab3-1bcc-4c5a-8ada-866462f5cb7c/timeouts[39m
[38;5;0m[HTTP][0m {"implicit":30000}
[38;5;0m[HTTP][0m <-- POST /wd/hub/session/374f6ab3-1bcc-4c5a-8ada-866462f5cb7c/timeouts 200 1 ms - 14
[38;5;0m[HTTP][0m 
[38;5;0m[HTTP][0m [37m-->[39m [37mPOST[39m [37m/wd/hub/session/374f6ab3-1bcc-4c5a-8ada-866462f5cb7c/element/00000000-0000-00a5-3b9a-ca4e0000001a/click[39m
[38;5;0m[HTTP][0m {"id":"00000000-0000-00a5-3b9a-ca4e0000001a"}
[38;5;0m[HTTP][0m <-- POST /wd/hub/session/374f6ab3-1bcc-4c5a-8ada-866462f5cb7c/element/00000000-0000-00a5-3b9a-ca4e0000001a/click 200 1150 ms - 14
[38;5;0m[HTTP][0m 
[38;5;0m[HTTP][0m [37m-->[39m [37mPOST[39m [37m/wd/hub/session/374f6ab3-1bcc-4c5a-8ada-866462f5cb7c/timeouts[39m
[38;5;0m[HTTP][0m {"implicit":50}
[38;5;0m[HTTP][0m <-- POST /wd/hub/session/374f6ab3-1bcc-4c5a-8ada-866462f5cb7c/timeouts 200 1 ms - 14
[38;5;0m[HTTP][0m 
[38;5;0m[HTTP][0m [37m-->[39m [37mGET[39m [37m/wd/hub/session/374f6ab3-1bcc-4c5a-8ada-866462f5cb7c/window/rect[39m
[38;5;0m[HTTP][0m {}
[38;5;0m[HTTP][0m <-- GET /wd/hub/session/374f6ab3-1bcc-4c5a-8ada-866462f5cb7c/window/rect 200 8 ms - 50
[38;5;0m[HTTP][0m 
[38;5;0m[HTTP][0m [37m-->[39m [37mPOST[39m [37m/wd/hub/session/374f6ab3-1bcc-4c5a-8ada-866462f5cb7c/elements[39m
[38;5;0m[HTTP][0m {"using":"xpath","value":"//*[@class = 'android.widget.ImageView' and @resource-id = 'com.google.android.gms:id/cancel' and (@text = '' or . = '')]"}
[38;5;0m[HTTP][0m <-- POST /wd/hub/session/374f6ab3-1bcc-4c5a-8ada-866462f5cb7c/elements 200 58 ms - 139
[38;5;0m[HTTP][0m 
[38;5;0m[HTTP][0m [37m-->[39m [37mGET[39m [37m/wd/hub/session/374f6ab3-1bcc-4c5a-8ada-866462f5cb7c/element/00000000-0000-00a6-ffff-ffff000000cd/location[39m
[38;5;0m[HTTP][0m {}
[38;5;48m[AndroidUiautomator2Driver@eef8 (374f6ab3)][0m Driver proxy active, passing request on via HTTP proxy
[38;5;48m[AndroidUiautomator2Driver@eef8 (374f6ab3)][0m Replacing sessionId 1a7974cc-0cb3-48b0-9b4a-611cd6838882 with 374f6ab3-1bcc-4c5a-8ada-866462f5cb7c
[38;5;0m[HTTP][0m <-- GET /wd/hub/session/374f6ab3-1bcc-4c5a-8ada-866462f5cb7c/element/00000000-0000-00a6-ffff-ffff000000cd/location 200 6 ms - 79
[38;5;0m[HTTP][0m 
[38;5;0m[HTTP][0m [37m-->[39m [37mPOST[39m [37m/wd/hub/session/374f6ab3-1bcc-4c5a-8ada-866462f5cb7c/timeouts[39m
[38;5;0m[HTTP][0m {"implicit":30000}
[38;5;0m[HTTP][0m <-- POST /wd/hub/session/374f6ab3-1bcc-4c5a-8ada-866462f5cb7c/timeouts 200 0 ms - 14
[38;5;0m[HTTP][0m 
[38;5;0m[HTTP][0m [37m-->[39m [37mPOST[39m [37m/wd/hub/session/374f6ab3-1bcc-4c5a-8ada-866462f5cb7c/element/00000000-0000-00a6-ffff-ffff000000cd/click[39m
[38;5;0m[HTTP][0m {"id":"00000000-0000-00a6-ffff-ffff000000cd"}
[38;5;0m[HTTP][0m <-- POST /wd/hub/session/374f6ab3-1bcc-4c5a-8ada-866462f5cb7c/element/00000000-0000-00a6-ffff-ffff000000cd/click 200 607 ms - 14
[38;5;0m[HTTP][0m 
[38;5;0m[HTTP][0m [37m-->[39m [37mPOST[39m [37m/wd/hub/session/374f6ab3-1bcc-4c5a-8ada-866462f5cb7c/timeouts[39m
[38;5;0m[HTTP][0m {"implicit":50}
[38;5;0m[HTTP][0m <-- POST /wd/hub/session/374f6ab3-1bcc-4c5a-8ada-866462f5cb7c/timeouts 200 2 ms - 14
[38;5;0m[HTTP][0m 
[38;5;0m[HTTP][0m [37m-->[39m [37mGET[39m [37m/wd/hub/session/374f6ab3-1bcc-4c5a-8ada-866462f5cb7c/window/rect[39m
[38;5;0m[HTTP][0m {}
[38;5;0m[HTTP][0m <-- GET /wd/hub/session/374f6ab3-1bcc-4c5a-8ada-866462f5cb7c/window/rect 200 8 ms - 50
[38;5;0m[HTTP][0m 
[38;5;0m[HTTP][0m [37m-->[39m [37mPOST[39m [37m/wd/hub/session/374f6ab3-1bcc-4c5a-8ada-866462f5cb7c/elements[39m
[38;5;0m[HTTP][0m {"using":"xpath","value":"//*[@class = 'android.widget.TextView' and (@text = 'Masuk tanpa akun' or . = 'Masuk tanpa akun')]"}
[38;5;0m[HTTP][0m <-- POST /wd/hub/session/374f6ab3-1bcc-4c5a-8ada-866462f5cb7c/elements 200 473 ms - 139
[38;5;0m[HTTP][0m 
[38;5;0m[HTTP][0m [37m-->[39m [37mGET[39m [37m/wd/hub/session/374f6ab3-1bcc-4c5a-8ada-866462f5cb7c/element/00000000-0000-00a5-0000-00420000001a/location[39m
[38;5;0m[HTTP][0m {}
[38;5;48m[AndroidUiautomator2Driver@eef8 (374f6ab3)][0m Driver proxy active, passing request on via HTTP proxy
[38;5;48m[AndroidUiautomator2Driver@eef8 (374f6ab3)][0m Replacing sessionId 1a7974cc-0cb3-48b0-9b4a-611cd6838882 with 374f6ab3-1bcc-4c5a-8ada-866462f5cb7c
[38;5;0m[HTTP][0m <-- GET /wd/hub/session/374f6ab3-1bcc-4c5a-8ada-866462f5cb7c/element/00000000-0000-00a5-0000-00420000001a/location 200 7 ms - 77
[38;5;0m[HTTP][0m 
[38;5;0m[HTTP][0m [37m-->[39m [37mPOST[39m [37m/wd/hub/session/374f6ab3-1bcc-4c5a-8ada-866462f5cb7c/timeouts[39m
[38;5;0m[HTTP][0m {"implicit":30000}
[38;5;0m[HTTP][0m <-- POST /wd/hub/session/374f6ab3-1bcc-4c5a-8ada-866462f5cb7c/timeouts 200 1 ms - 14
[38;5;0m[HTTP][0m 
[38;5;0m[HTTP][0m [37m-->[39m [37mPOST[39m [37m/wd/hub/session/374f6ab3-1bcc-4c5a-8ada-866462f5cb7c/element/00000000-0000-00a5-0000-00420000001a/click[39m
[38;5;0m[HTTP][0m {"id":"00000000-0000-00a5-0000-00420000001a"}
[38;5;0m[HTTP][0m <-- POST /wd/hub/session/374f6ab3-1bcc-4c5a-8ada-866462f5cb7c/element/00000000-0000-00a5-0000-00420000001a/click 200 37 ms - 14
[38;5;0m[HTTP][0m 
[38;5;0m[HTTP][0m [37m-->[39m [37mDELETE[39m [37m/wd/hub/session/374f6ab3-1bcc-4c5a-8ada-866462f5cb7c[39m
[38;5;0m[HTTP][0m {}
[38;5;16m[AppiumDriver@9ab9][0m Removing session 374f6ab3-1bcc-4c5a-8ada-866462f5cb7c from our master session list
[38;5;64m[ADB][0m com.astro.shop was successfully uninstalled
[38;5;48m[AndroidUiautomator2Driver@eef8 (374f6ab3)][0m Restoring hidden api policy to the device default configuration
[38;5;0m[HTTP][0m <-- DELETE /wd/hub/session/374f6ab3-1bcc-4c5a-8ada-866462f5cb7c 200 854 ms - 14
[38;5;0m[HTTP][0m 
[Appium] Received SIGTERM - shutting down
[38;5;0m[HTTP][0m Waiting until the server is closed
[38;5;0m[HTTP][0m Received server close event
